<?xml version="1.0" encoding="UTF-8"?>
<!-- Generated by org.testng.reporters.JUnitXMLReporter -->
<testsuite ignored="3" hostname="DESKTOP-O4BFA6G" failures="1" tests="1" name="ErrorValidationsTest" time="4.16" errors="0" timestamp="2024-06-01T02:57:35 IST">
  <testcase classname="testcases.ErrorValidationgroups" name="ErrorTest" time="1.137">
    <failure type="java.lang.AssertionError" message="expected [Incorrect email or password.##] but found [Incorrect email or password.]">
      <![CDATA[java.lang.AssertionError: expected [Incorrect email or password.##] but found [Incorrect email or password.]
at testcases.ErrorValidationgroups.ErrorTest(ErrorValidationgroups.java:22)
at java.base/java.util.ArrayList.forEach(ArrayList.java:1511)
... Removed 33 stack frames]]>
    </failure>
  </testcase> <!-- ErrorTest -->
  <testcase classname="testcases.ErrorValidation" name="ErrorTest" time="0.0">
    <ignored/>
  </testcase> <!-- ErrorTest -->
  <testcase classname="testcases.ErrorValidationgroups" name="ProductErrorValidation" time="0.0">
    <ignored/>
  </testcase> <!-- ProductErrorValidation -->
  <testcase classname="testcases.ErrorValidation" name="ProductErrorValidation" time="0.0">
    <ignored/>
  </testcase> <!-- ProductErrorValidation -->
</testsuite> <!-- ErrorValidationsTest -->
